app/build/intermediates/manifest_merge_blame_file/debug/manifest-merger-blame-debug-report.txt
1<?xml version="1.0" encoding="utf-8"?>
2<manifest xmlns:android="http://schemas.android.com/apk/res/android"
3    package="com.example.myapplication"
4    android:versionCode="1"
5    android:versionName="1.0" >
6
7    <uses-sdk
8        android:minSdkVersion="21"
8-->src\main\AndroidManifest.xml
9        android:targetSdkVersion="32" />
9-->src\main\AndroidManifest.xml
10
11    <application
11-->src\main\AndroidManifest.xml:5:5-46:19
12        android:allowBackup="true"
12-->src\main\AndroidManifest.xml:6:9-35
13        android:appComponentFactory="androidx.core.app.CoreComponentFactory"
13-->[androidx.core:core:1.8.0] AndroidManifest.xml:24:18-86
14        android:dataExtractionRules="@xml/data_extraction_rules"
14-->src\main\AndroidManifest.xml:7:9-65
15        android:debuggable="true"
16        android:fullBackupContent="@xml/backup_rules"
16-->src\main\AndroidManifest.xml:8:9-54
17        android:icon="@mipmap/ic_launcher"
17-->src\main\AndroidManifest.xml:9:9-43
18        android:label="@string/app_name"
18-->src\main\AndroidManifest.xml:10:9-41
19        android:roundIcon="@mipmap/ic_launcher_round"
19-->src\main\AndroidManifest.xml:11:9-54
20        android:supportsRtl="true"
20-->src\main\AndroidManifest.xml:12:9-35
21        android:testOnly="true"
22        android:theme="@style/Theme.MyApplication" >
22-->src\main\AndroidManifest.xml:13:9-51
23        <activity
23-->src\main\AndroidManifest.xml:15:9-23:20
24            android:name="com.example.myapplication.RegistroActivity"
24-->src\main\AndroidManifest.xml:16:13-45
25            android:exported="false"
25-->src\main\AndroidManifest.xml:17:13-37
26            android:label="RegistroActivity"
26-->src\main\AndroidManifest.xml:18:13-45
27            android:parentActivityName="com.example.myapplication.MainActivity" >
27-->src\main\AndroidManifest.xml:19:13-55
28            <meta-data
28-->src\main\AndroidManifest.xml:20:13-22:73
29                android:name="android.support.PARENT_ACTIVITY"
29-->src\main\AndroidManifest.xml:21:17-63
30                android:value="com.example.myapplication.MainActivity" />
30-->src\main\AndroidManifest.xml:22:17-71
31        </activity>
32        <activity
32-->src\main\AndroidManifest.xml:24:9-32:20
33            android:name="com.example.myapplication.LoginActivity"
33-->src\main\AndroidManifest.xml:25:13-42
34            android:exported="false"
34-->src\main\AndroidManifest.xml:26:13-37
35            android:label="LoginActivity"
35-->src\main\AndroidManifest.xml:27:13-42
36            android:parentActivityName="com.example.myapplication.MainActivity" >
36-->src\main\AndroidManifest.xml:28:13-55
37            <meta-data
37-->src\main\AndroidManifest.xml:20:13-22:73
38                android:name="android.support.PARENT_ACTIVITY"
38-->src\main\AndroidManifest.xml:21:17-63
39                android:value="com.example.myapplication.MainActivity" />
39-->src\main\AndroidManifest.xml:22:17-71
40        </activity>
41        <activity
41-->src\main\AndroidManifest.xml:33:9-45:20
42            android:name="com.example.myapplication.MainActivity"
42-->src\main\AndroidManifest.xml:34:13-41
43            android:exported="true" >
43-->src\main\AndroidManifest.xml:35:13-36
44            <intent-filter>
44-->src\main\AndroidManifest.xml:36:13-40:29
45                <action android:name="android.intent.action.MAIN" />
45-->src\main\AndroidManifest.xml:37:17-69
45-->src\main\AndroidManifest.xml:37:25-66
46
47                <category android:name="android.intent.category.LAUNCHER" />
47-->src\main\AndroidManifest.xml:39:17-77
47-->src\main\AndroidManifest.xml:39:27-74
48            </intent-filter>
49
50            <meta-data
50-->src\main\AndroidManifest.xml:42:13-44:36
51                android:name="android.app.lib_name"
51-->src\main\AndroidManifest.xml:43:17-52
52                android:value="" />
52-->src\main\AndroidManifest.xml:44:17-33
53        </activity>
54
55        <provider
55-->[androidx.emoji2:emoji2:1.2.0] AndroidManifest.xml:24:9-32:20
56            android:name="androidx.startup.InitializationProvider"
56-->[androidx.emoji2:emoji2:1.2.0] AndroidManifest.xml:25:13-67
57            android:authorities="com.example.myapplication.androidx-startup"
57-->[androidx.emoji2:emoji2:1.2.0] AndroidManifest.xml:26:13-68
58            android:exported="false" >
58-->[androidx.emoji2:emoji2:1.2.0] AndroidManifest.xml:27:13-37
59            <meta-data
59-->[androidx.emoji2:emoji2:1.2.0] AndroidManifest.xml:29:13-31:52
60                android:name="androidx.emoji2.text.EmojiCompatInitializer"
60-->[androidx.emoji2:emoji2:1.2.0] AndroidManifest.xml:30:17-75
61                android:value="androidx.startup" />
61-->[androidx.emoji2:emoji2:1.2.0] AndroidManifest.xml:31:17-49
62            <meta-data
62-->[androidx.lifecycle:lifecycle-process:2.4.1] AndroidManifest.xml:31:13-33:52
63                android:name="androidx.lifecycle.ProcessLifecycleInitializer"
63-->[androidx.lifecycle:lifecycle-process:2.4.1] AndroidManifest.xml:32:17-78
64                android:value="androidx.startup" />
64-->[androidx.lifecycle:lifecycle-process:2.4.1] AndroidManifest.xml:33:17-49
65        </provider>
66    </application>
67
68</manifest>